crop-me/build/intermediates/manifest_merge_blame_file/release/manifest-merger-blame-release-report.txt
1<?xml version="1.0" encoding="utf-8"?>
2<manifest xmlns:android="http://schemas.android.com/apk/res/android"
3    package="com.mikelau.croperino"
4    android:versionCode="6"
5    android:versionName="5.1.1" >
6
7    <uses-sdk
8        android:minSdkVersion="16"
8-->src\main\AndroidManifest.xml
9        android:targetSdkVersion="29" />
9-->src\main\AndroidManifest.xml
10
11    <permission android:name="${applicationId}.provider.READ" />
11-->src\main\AndroidManifest.xml:4:5-65
11-->src\main\AndroidManifest.xml:4:17-62
12
13    <uses-permission android:name="${applicationId}.provider.READ" />
13-->src\main\AndroidManifest.xml:5:5-69
13-->src\main\AndroidManifest.xml:5:22-67
14
15    <application
15-->src\main\AndroidManifest.xml:7:5-29:19
16        android:label="@string/app_name"
16-->src\main\AndroidManifest.xml:8:9-41
17        android:supportsRtl="true" >
17-->src\main\AndroidManifest.xml:9:9-35
18        <activity
18-->src\main\AndroidManifest.xml:11:9-16:15
19            android:name="com.mikelau.croperino.CropImage"
19-->src\main\AndroidManifest.xml:12:13-38
20            android:configChanges="keyboardHidden|orientation"
20-->src\main\AndroidManifest.xml:13:13-63
21            android:label="@string/app_name"
21-->src\main\AndroidManifest.xml:14:13-45
22            android:screenOrientation="portrait" />
22-->src\main\AndroidManifest.xml:15:13-49
23
24        <provider
24-->src\main\AndroidManifest.xml:18:9-27:20
25            android:name="android.support.v4.content.FileProvider"
25-->src\main\AndroidManifest.xml:19:13-67
26            android:authorities="${applicationId}.provider"
26-->src\main\AndroidManifest.xml:20:13-60
27            android:exported="false"
27-->src\main\AndroidManifest.xml:21:13-37
28            android:grantUriPermissions="true"
28-->src\main\AndroidManifest.xml:22:13-47
29            android:readPermission="${applicationId}.provider.READ" >
29-->src\main\AndroidManifest.xml:23:13-68
30            <meta-data
30-->src\main\AndroidManifest.xml:24:13-26:57
31                android:name="android.support.FILE_PROVIDER_PATHS"
31-->src\main\AndroidManifest.xml:25:17-67
32                android:resource="@xml/provider_paths" />
32-->src\main\AndroidManifest.xml:26:17-55
33        </provider>
34    </application>
35
36</manifest>